<?xml version="1.0" encoding="UTF-8"?>
<!-- Generated by org.testng.reporters.JUnitXMLReporter -->
<testsuite ignored="0" hostname="DESKTOP-L0NOLEM" failures="0" tests="3" name="ErrorCaptureTest" time="126.225" errors="0" timestamp="2023-07-19T02:28:01 IST">
  <testcase classname="sandipanacademy.Test.ErrorCaptureTest" name="errorValidation" time="1.55"/>
  <testcase classname="sandipanacademy.Test.ErrorCaptureTest" name="errorValidation" time="2.857"/>
  <testcase classname="sandipanacademy.Test.ErrorCaptureTest" name="errorValidation" time="1.417"/>
</testsuite> <!-- ErrorCaptureTest -->
