<?xml version="1.0" encoding="UTF-8"?>
<!-- Generated by org.testng.reporters.JUnitXMLReporter -->
<testsuite ignored="0" hostname="DESKTOP-L0NOLEM" failures="0" tests="3" name="ErrorCaptureTest" time="109.214" errors="0" timestamp="2023-07-16T23:52:48 IST">
  <testcase classname="sandipanacademy.Test.ErrorCaptureTest" name="errorValidation" time="0.889"/>
  <testcase classname="sandipanacademy.Test.ErrorCaptureTest" name="errorValidation" time="0.681"/>
  <testcase classname="sandipanacademy.Test.ErrorCaptureTest" name="errorValidation" time="0.786"/>
</testsuite> <!-- ErrorCaptureTest -->
