<?xml version="1.0" encoding="UTF-8"?>
<!-- Generated by org.testng.reporters.JUnitXMLReporter -->
<testsuite ignored="0" hostname="DESKTOP-L0NOLEM" failures="0" tests="6" name="HomePageTest" time="262.216" errors="0" timestamp="2023-07-16T23:50:59 IST">
  <testcase classname="sandipanacademy.Test.HomePageTest" name="submitOrder" time="12.913"/>
  <testcase classname="sandipanacademy.Test.HomePageTest" name="submitOrder" time="13.114"/>
  <testcase classname="sandipanacademy.Test.HomePageTest" name="submitOrder" time="13.516"/>
  <testcase classname="sandipanacademy.Test.HomePageTest" name="validateMyOrder" time="1.763"/>
  <testcase classname="sandipanacademy.Test.HomePageTest" name="validateMyOrder" time="1.276"/>
  <testcase classname="sandipanacademy.Test.HomePageTest" name="validateMyOrder" time="1.261"/>
</testsuite> <!-- HomePageTest -->
