<?xml version="1.0" encoding="UTF-8"?>
<!-- Generated by org.testng.reporters.JUnitXMLReporter -->
<testsuite ignored="0" hostname="DESKTOP-L0NOLEM" failures="0" tests="3" name="UserRegistrationTest" time="105.921" errors="0" timestamp="2023-07-16T23:54:34 IST">
  <testcase classname="sandipanacademy.Test.UserRegistrationTest" name="registerUser" time="1.95"/>
  <testcase classname="sandipanacademy.Test.UserRegistrationTest" name="registerUser" time="1.836"/>
  <testcase classname="sandipanacademy.Test.UserRegistrationTest" name="registerUser" time="1.853"/>
</testsuite> <!-- UserRegistrationTest -->
